Окружение на момент начала сборки:
ADSK_3DSMAX_x64_2018 = C:\Program Files\Autodesk\3ds Max 2018\
ADSK_3DSMAX_x64_2020 = C:\Program Files\Autodesk\3ds Max 2020\
ALLUSERSPROFILE = C:\ProgramData
APPDATA = C:\Users\User\AppData\Roaming
asl.log = Destination=file
CommonProgramFiles = C:\Program Files (x86)\Common Files
CommonProgramFiles(x86) = C:\Program Files (x86)\Common Files
CommonProgramW6432 = C:\Program Files\Common Files
COMPLUS_InstallRoot = 
COMPLUS_Version = 
COMPUTERNAME = WIN-9UHA63PDT0R
ComSpec = C:\Windows\system32\cmd.exe
CUDA_CACHE_MAXSIZE = 268435456
EGPL_GeoLibrarian_Drive = L
ESET_OPTIONS =                                                                                                                                                                                                                                                                                                                                                                                                                                                                                                                                
FPS_BROWSER_APP_PROFILE_STRING = Internet Explorer
FPS_BROWSER_USER_PROFILE_STRING = Default
FSHARPINSTALLDIR = C:\Program Files (x86)\Microsoft SDKs\F#\10.1\Framework\v4.0\
HOMEDRIVE = C:
HOMEPATH = \Users\User
LOCALAPPDATA = C:\Users\User\AppData\Local
LOGONSERVER = \\WIN-9UHA63PDT0R
MSBuildLoadMicrosoftTargetsReadOnly = true
MYSQLCONNECTOR_ASSEMBLIESPATH = C:\Program Files (x86)\MySQL\MySQL Connector Net 8.0.20\Assemblies\v4.5.2
NUMBER_OF_PROCESSORS = 4
OneDrive = C:\Users\User\OneDrive
OS = Windows_NT
Path = C:\Windows\system32;C:\Windows;C:\Windows\System32\Wbem;C:\Windows\System32\WindowsPowerShell\v1.0\;C:\Program Files (x86)\NVIDIA Corporation\PhysX\Common;C:\Program Files\Common Files\Autodesk Shared\;C:\Program Files\Microsoft SQL Server\120\Tools\Binn\;C:\Program Files (x86)\nodejs\;C:\Program Files\Git\cmd;C:\Program Files (x86)\QuickTime\QTSystem\;C:\Program Files\dotnet\;C:\Program Files\Microsoft SQL Server\130\Tools\Binn\;C:\Program Files (x86)\Microsoft Emulator Manager\1.0\;C:\Program Files\Microsoft SQL Server\Client SDK\ODBC\170\Tools\Binn\;C:\Program Files (x86)\Common Files\Acronis\SnapAPI\;C:\Program Files\NVIDIA Corporation\NVIDIA NvDLISR;C:\Users\User\AppData\Local\Microsoft\WindowsApps;C:\Users\User\AppData\Roaming\npm
PATHEXT = .COM;.EXE;.BAT;.CMD;.VBS;.VBE;.JS;.JSE;.WSF;.WSH;.MSC
PkgDefApplicationConfigFile = C:\Users\User\AppData\Local\Microsoft\VisualStudio\16.0_8f99fc1e\devenv.exe.config
PROCESSOR_ARCHITECTURE = x86
PROCESSOR_ARCHITEW6432 = AMD64
PROCESSOR_IDENTIFIER = Intel64 Family 6 Model 78 Stepping 3, GenuineIntel
PROCESSOR_LEVEL = 6
PROCESSOR_REVISION = 4e03
ProgramData = C:\ProgramData
ProgramFiles = C:\Program Files (x86)
ProgramFiles(x86) = C:\Program Files (x86)
ProgramW6432 = C:\Program Files
PSModulePath = C:\Program Files\WindowsPowerShell\Modules;C:\Windows\system32\WindowsPowerShell\v1.0\Modules
PUBLIC = C:\Users\Public
QtMsBuild = C:\Users\User\AppData\Local\QtMsBuild
SESSIONNAME = Console
SystemDrive = C:
SystemRoot = C:\Windows
TEMP = C:\Users\User\AppData\Local\Temp
TMP = C:\Users\User\AppData\Local\Temp
USERDOMAIN = WIN-9UHA63PDT0R
USERDOMAIN_ROAMINGPROFILE = WIN-9UHA63PDT0R
USERNAME = User
USERPROFILE = C:\Users\User
VBOX_MSI_INSTALL_PATH = C:\Program Files\Oracle\VirtualBox\
VisualStudioDir = C:\Users\User\Documents\Visual Studio 2019
VisualStudioEdition = Microsoft Visual Studio Professional 2019
VisualStudioVersion = 16.0
VRAY4_FOR_3DSMAX2020_MAIN = C:\Program Files\Chaos Group\V-Ray\3ds Max 2020/bin
VRAY4_FOR_3DSMAX2020_PLUGINS = C:\Program Files\Chaos Group\V-Ray\3ds Max 2020/bin/plugins
VRAY_MDL_PATH_3DSMAX2020 = C:\Program Files\Chaos Group\V-Ray\3ds Max 2020\mdl
VRAY_OPENCL_PLATFORMS_x64 = c++/cpu;intel(r) opencl intel(r) core(tm) i7-6500u cpu @ 2.50ghz cpu index0;nvidia cuda geforce gtx 950m gpu index0;
VRAY_OSL_PATH_3DSMAX2020 = C:\Program Files\Chaos Group\V-Ray\3ds Max 2020\opensl
VRAY_SEND_FEEDBACK = 0
VS110COMNTOOLS = C:\Program Files (x86)\Microsoft Visual Studio 11.0\Common7\Tools\
VS120COMNTOOLS = C:\Program Files (x86)\Microsoft Visual Studio 12.0\Common7\Tools\
VS140COMNTOOLS = C:\Program Files (x86)\Microsoft Visual Studio 14.0\Common7\Tools\
VS160COMCOMNTOOLS = C:\Program Files (x86)\Microsoft Visual Studio\2019\Community\Common7\Tools\
VS160PROCOMNTOOLS = C:\Program Files (x86)\Microsoft Visual Studio\2019\Professional\Common7\Tools\
VSAPPIDDIR = C:\Program Files (x86)\Microsoft Visual Studio\2019\Professional\Common7\IDE\
VSAPPIDNAME = devenv.exe
VSLANG = 1049
VSLS_SESSION_KEEPALIVE_INTERVAL = 20
VSSKUEDITION = Professional
windir = C:\Windows

  PONG.cpp
C:\Users\User\source\repos\PONG\PONG.cpp(34): warning C4309: инициализация: усечение константного значения
C:\Users\User\source\repos\PONG\PONG.cpp(35): warning C4309: инициализация: усечение константного значения
C:\Users\User\source\repos\PONG\PONG.cpp(36): warning C4309: инициализация: усечение константного значения
  PONG.vcxproj -> C:\Users\User\source\repos\PONG\Debug\PONG.exe

Итоги по проекту:
     1324 мс вызовов   1 C:\Users\User\source\repos\PONG\PONG.vcxproj
               1324 мс вызовов   1 Build                                   

Итоги по целям:
        0 мс вызовов   1 AfterResourceCompile                    
        0 мс вызовов   1 PreLinkEvent                            
        0 мс вызовов   1 PrepareResourceNames                    
        0 мс вызовов   1 CreateCustomManifestResourceNames       
        0 мс вызовов   1 ComputeManifestInputsTargets            
        0 мс вызовов   1 ComputeLinkInputsFromProject            
        0 мс вызовов   1 ComputeCLOutputs                        
        0 мс вызовов   1 ComputeCustomBuildOutput                
        0 мс вызовов   1 ComputeManifestGeneratedLinkerInputs    
        0 мс вызовов   1 ComputeRCGeneratedLinkInputs            
        0 мс вызовов   1 ComputeRCOutputs                        
        0 мс вызовов   1 BeforeLink                              
        0 мс вызовов   1 ComputeLegacyManifestEmbedding          
        0 мс вызовов   1 BuildLinkTraverse                       
        0 мс вызовов   1 BuildCompile                            
        0 мс вызовов   1 _BuildCompileAction                     
        0 мс вызовов   1 AfterBuildCompileEvent                  
        0 мс вызовов   1 _ResourceCompile                        
        0 мс вызовов   1 BeforeResourceCompile                   
        0 мс вызовов   1 _ClCompile                              
        0 мс вызовов   1 AfterLink                               
        0 мс вызовов   1 AfterClCompile                          
        0 мс вызовов   1 _Link                                   
        0 мс вызовов   1 _Manifest                               
        0 мс вызовов   1 AfterBuild                              
        0 мс вызовов   1 BuildLink                               
        0 мс вызовов   1 _BuildLinkAction                        
        0 мс вызовов   1 PostBuildEvent                          
        0 мс вызовов   1 PrepareForRun                           
        0 мс вызовов   1 _CheckForCompileOutputs                 
        0 мс вызовов   1 _CopySourceItemsToOutputDirectory       
        0 мс вызовов   1 GetCopyToOutputDirectoryItems           
        0 мс вызовов   1 GetCopyToOutputDirectoryXamlAppDefs     
        0 мс вызовов   1 _Deploy                                 
        0 мс вызовов   1 _Appverifier                            
        0 мс вызовов   1 CreateSatelliteAssemblies               
        0 мс вызовов   1 _BscMake                                
        0 мс вызовов   1 MakeDirsForBscMake                      
        0 мс вызовов   1 ComputeCLCompileGeneratedSbrFiles       
        0 мс вызовов   1 _XdcMake                                
        0 мс вызовов   1 MakeDirsForXdcMake                      
        0 мс вызовов   1 ComputeCLCompileGeneratedXDCFiles       
        0 мс вызовов   1 RegisterOutput                          
        0 мс вызовов   1 _ALink                                  
        0 мс вызовов   1 SelectClCompile                         
        0 мс вызовов   1 Build                                   
        0 мс вызовов   1 MakeDirsForMidl                         
        0 мс вызовов   1 BeforeBuildGenerateSources              
        0 мс вызовов   1 PreBuildEvent                           
        0 мс вызовов   1 SetCABuildNativeEnvironmentVariables    
        0 мс вызовов   1 GetResolvedWinMD                        
        0 мс вызовов   1 _SelectedFiles                          
        0 мс вызовов   1 GetFrameworkPaths                       
        0 мс вызовов   1 BuildGenerateSourcesTraverse            
        0 мс вызовов   1 _Xsd                                    
        0 мс вызовов   1 AfterResolveReferences                  
        0 мс вызовов   1 PrepareProjectReferences                
        0 мс вызовов   1 AfterMidl                               
        0 мс вызовов   1 _Midl                                   
        0 мс вызовов   1 AfterBuildGenerateSources               
        0 мс вызовов   1 AfterBuildGenerateSourcesEvent          
        0 мс вызовов   1 _BuildGenerateSourcesAction             
        0 мс вызовов   1 BuildGenerateSources                    
        0 мс вызовов   1 BuildCompileTraverse                    
        0 мс вызовов   1 BeforeClCompile                         
        0 мс вызовов   1 ComputeCLInputPDBName                   
        0 мс вызовов   1 _SplitProjectReferencesByFileExistence  
        0 мс вызовов   1 SelectCustomBuild                       
        0 мс вызовов   1 BeforeResolveReferences                 
        0 мс вызовов   1 _PrepareForReferenceResolution          
        0 мс вызовов   1 FixupCLCompileOptions                   
        0 мс вызовов   1 ResolveReferences                       
        0 мс вызовов   1 ResolveSDKReferences                    
        0 мс вызовов   1 ExpandSDKReferences                     
        1 мс вызовов   1 ComputeLinkSwitches                     
        1 мс вызовов   1 ComputeLinkImportLibraryOutputsForClean 
        1 мс вызовов   1 _HandlePackageFileConflicts             
        1 мс вызовов   1 ResolvedXDCMake                         
        1 мс вызовов   1 _PrepareForBuild                        
        1 мс вызовов   1 ComputeCLGeneratedLinkInputs            
        1 мс вызовов   1 AssignProjectConfiguration              
        1 мс вызовов   1 ResolveAssemblyReferences               
        1 мс вызовов   1 MakeDirsForCl                           
        1 мс вызовов   1 WarnCompileDuplicatedFilename           
        1 мс вызовов   1 MakeDirsForResourceCompile              
        1 мс вызовов   1 SplitResourcesByCulture                 
        1 мс вызовов   1 ResolveProjectReferences                
        1 мс вызовов   1 _GenerateSatelliteAssemblyInputs        
        1 мс вызовов   1 ComputeReferenceCLInput                 
        1 мс вызовов   1 MakeDirsForLink                         
        1 мс вызовов   1 GetReferenceAssemblyPaths               
        1 мс вызовов   1 AssignTargetPaths                       
        1 мс вызовов   1 ComputeMIDLGeneratedCompileInputs       
        1 мс вызовов   1 DoLinkOutputFilesMatch                  
        1 мс вызовов   1 CopyFileToFolders                       
        1 мс вызовов   1 CopyFilesToOutputDirectory              
        1 мс вызовов   1 SetBuildDefaultEnvironmentVariables     
        1 мс вызовов   1 SetTelemetryEnvironmentVariables        
        1 мс вызовов   1 _GetProjectReferenceTargetFrameworkProperties
        1 мс вызовов   1 _CheckWindowsSDKInstalled               
        3 мс вызовов   1 FinalizeBuildStatus                     
        3 мс вызовов   1 _CheckForInvalidConfigurationAndPlatform
        4 мс вызовов   1 PrepareForBuild                         
        4 мс вызовов   1 InitializeBuildStatus                   
      277 мс вызовов   1 Link                                    
     1012 мс вызовов   1 ClCompile                               

Итоги по задачам:
        0 мс вызовов   5 AssignTargetPath                        
        0 мс вызовов   1 AssignCulture                           
        1 мс вызовов   1 GetOutOfDateItems                       
        1 мс вызовов   1 ResolvePackageFileConflicts             
        1 мс вызовов   1 AssignProjectConfiguration              
        1 мс вызовов   1 Copy                                    
        1 мс вызовов   3 Message                                 
        1 мс вызовов   1 MSBuild                                 
        1 мс вызовов   9 MakeDir                                 
        1 мс вызовов   1 WriteLinesToFile                        
        2 мс вызовов   1 ReadLinesFromFile                       
        2 мс вызовов   1 Delete                                  
        2 мс вызовов   8 SetEnv                                  
        2 мс вызовов   2 Touch                                   
      276 мс вызовов   1 Link                                    
     1011 мс вызовов   1 CL                                      
